Arguments: 
  /Users/anmoldesai/.nvm/versions/node/v10.15.0/bin/node /usr/local/Cellar/yarn/1.12.3/libexec/bin/yarn.js add lodash

PATH: 
  /Users/anmoldesai/.nvm/versions/node/v10.15.0/bin:/usr/local/bin:/usr/bin:/bin:/usr/sbin:/sbin

Yarn version: 
  1.12.3

Node version: 
  10.15.0

Platform: 
  darwin x64

Trace: 
  Error: getaddrinfo ENOTFOUND registry.yarnpkg.com registry.yarnpkg.com:443
      at GetAddrInfoReqWrap.onlookup [as oncomplete] (dns.js:57:26)

npm manifest: 
  {
    "name": "note_app",
    "version": "1.0.0",
    "main": "app.js",
    "license": "MIT"
  }

yarn manifest: 
  No manifest

Lockfile: 
  # THIS IS AN AUTOGENERATED FILE. DO NOT EDIT THIS FILE DIRECTLY.
  # yarn lockfile v1
  
  
  lodash@^4.17.11:
    version "4.17.11"
    resolved "https://registry.yarnpkg.com/lodash/-/lodash-4.17.11.tgz#b39ea6229ef607ecd89e2c8df12536891cac9b8d"
